<?xml version="1.0" encoding="UTF-8"?>
<!-- Generated by org.testng.reporters.JUnitXMLReporter -->
<testsuite ignored="0" hostname="Sakilroly" failures="0" tests="5" name="MyTest" time="36.77" errors="0" timestamp="2024-01-12T12:05:56 CST">
  <testcase classname="com.qa.TN.TestCases.AddToCartTest" name="addingProductsToCart" time="1.888"/>
  <testcase classname="com.qa.TN.TestCases.CheckOutTest" name="checkoutProduct" time="7.866"/>
  <testcase classname="com.qa.TN.TestCases.RegisterTest" name="verifyRegisterWithAllFields" time="1.268"/>
  <testcase classname="com.qa.TN.TestCases.LoginTest" name="verifyLoginWithValidCredentials" time="0.867"/>
  <testcase classname="com.qa.TN.TestCases.SearchProductTest" name="SearchWithValidProduct" time="0.696"/>
</testsuite> <!-- MyTest -->
