<?xml version="1.0" encoding="UTF-8"?>
<!-- Generated by org.testng.reporters.JUnitXMLReporter -->
<testsuite ignored="0" hostname="Sakilroly" failures="0" tests="5" name="Test" time="55.367" errors="0" timestamp="2024-01-11T23:21:31 CST">
  <testcase classname="com.qa.TN.TestCases.AddToCartTest" name="addingProductsToCart" time="2.707"/>
  <testcase classname="com.qa.TN.TestCases.CheckOutTest" name="checkoutProduct" time="9.257"/>
  <testcase classname="com.qa.TN.TestCases.RegisterTest" name="verifyRegisterWithAllFields" time="1.546"/>
  <testcase classname="com.qa.TN.TestCases.LoginTest" name="verifyLoginWithValidCredentials" time="1.055"/>
  <testcase classname="com.qa.TN.TestCases.SearchProductTest" name="SearchWithValidProduct" time="0.738"/>
</testsuite> <!-- Test -->
