<?xml version="1.0" encoding="UTF-8"?>
<!-- Generated by org.testng.reporters.JUnitXMLReporter -->
<testsuite ignored="0" hostname="Sakilroly" failures="0" tests="5" name="Test" time="61.796" errors="0" timestamp="2024-01-08T18:38:04 CST">
  <testcase classname="com.qa.TN.TestCases.AddToCartTest" name="addingProductsToCart" time="2.807"/>
  <testcase classname="com.qa.TN.TestCases.CheckOutTest" name="checkoutProduct" time="9.863"/>
  <testcase classname="com.qa.TN.TestCases.RegisterTest" name="verifyRegisterWithAllFields" time="2.041"/>
  <testcase classname="com.qa.TN.TestCases.LoginTest" name="verifyLoginWithValidCredentials" time="1.555"/>
  <testcase classname="com.qa.TN.TestCases.SearchProductTest" name="SearchWithValidProduct" time="0.916"/>
</testsuite> <!-- Test -->
