<?xml version="1.0" encoding="UTF-8"?>
<testng-results ignored="0" total="1" passed="1" failed="0" skipped="0">
  <reporter-output>
  </reporter-output>
  <suite started-at="2024-01-11T23:27:22 CST" name="Default suite" finished-at="2024-01-11T23:27:27 CST" duration-ms="4928">
    <groups>
    </groups>
    <test started-at="2024-01-11T23:27:22 CST" name="Default test" finished-at="2024-01-11T23:27:27 CST" duration-ms="4928">
      <class name="com.qa.TN.TestCases.SearchProductTest">
        <test-method is-config="true" signature="setup()[pri:0, instance:com.qa.TN.TestCases.SearchProductTest@4d5650ae]" started-at="2024-01-11T23:27:22 CST" name="setup" finished-at="2024-01-11T23:27:26 CST" duration-ms="4140" status="PASS">
          <reporter-output>
          </reporter-output>
        </test-method> <!-- setup -->
        <test-method signature="SearchWithValidProduct()[pri:0, instance:com.qa.TN.TestCases.SearchProductTest@4d5650ae]" started-at="2024-01-11T23:27:26 CST" name="SearchWithValidProduct" finished-at="2024-01-11T23:27:27 CST" duration-ms="759" status="PASS">
          <reporter-output>
          </reporter-output>
        </test-method> <!-- SearchWithValidProduct -->
      </class> <!-- com.qa.TN.TestCases.SearchProductTest -->
    </test> <!-- Default test -->
  </suite> <!-- Default suite -->
</testng-results>
