<?xml version="1.0" encoding="UTF-8"?>
<testng-results ignored="0" total="5" passed="5" failed="0" skipped="0">
  <reporter-output>
  </reporter-output>
  <suite started-at="2024-01-12T12:44:16 CST" name="Default suite" finished-at="2024-01-12T12:45:08 CST" duration-ms="51316">
    <groups>
    </groups>
    <test started-at="2024-01-12T12:44:16 CST" name="Default test" finished-at="2024-01-12T12:45:08 CST" duration-ms="51316">
      <class name="com.qa.TN.TestCases.SearchProductTest">
        <test-method is-config="true" signature="setup()[pri:0, instance:com.qa.TN.TestCases.SearchProductTest@24569dba]" started-at="2024-01-12T12:44:27 CST" name="setup" finished-at="2024-01-12T12:44:31 CST" duration-ms="3485" status="PASS">
          <reporter-output>
          </reporter-output>
        </test-method> <!-- setup -->
        <test-method signature="SearchWithValidProduct()[pri:0, instance:com.qa.TN.TestCases.SearchProductTest@24569dba]" started-at="2024-01-12T12:44:31 CST" name="SearchWithValidProduct" finished-at="2024-01-12T12:44:32 CST" duration-ms="766" status="PASS">
          <reporter-output>
          </reporter-output>
        </test-method> <!-- SearchWithValidProduct -->
      </class> <!-- com.qa.TN.TestCases.SearchProductTest -->
      <class name="com.qa.TN.TestCases.AddToCartTest">
        <test-method is-config="true" signature="setup()[pri:0, instance:com.qa.TN.TestCases.AddToCartTest@4c60d6e9]" started-at="2024-01-12T12:44:16 CST" name="setup" finished-at="2024-01-12T12:44:25 CST" duration-ms="8457" status="PASS">
          <reporter-output>
          </reporter-output>
        </test-method> <!-- setup -->
        <test-method signature="addingProductsToCart()[pri:0, instance:com.qa.TN.TestCases.AddToCartTest@4c60d6e9]" started-at="2024-01-12T12:44:25 CST" name="addingProductsToCart" finished-at="2024-01-12T12:44:27 CST" duration-ms="2430" status="PASS">
          <reporter-output>
          </reporter-output>
        </test-method> <!-- addingProductsToCart -->
        <test-method is-config="true" signature="teardown()[pri:0, instance:com.qa.TN.TestCases.AddToCartTest@4c60d6e9]" started-at="2024-01-12T12:44:27 CST" name="teardown" finished-at="2024-01-12T12:44:27 CST" duration-ms="128" status="PASS">
          <reporter-output>
          </reporter-output>
        </test-method> <!-- teardown -->
      </class> <!-- com.qa.TN.TestCases.AddToCartTest -->
      <class name="com.qa.TN.TestCases.LoginTest">
        <test-method is-config="true" signature="setup()[pri:0, instance:com.qa.TN.TestCases.LoginTest@5ddeb7cb]" started-at="2024-01-12T12:44:32 CST" name="setup" finished-at="2024-01-12T12:44:40 CST" duration-ms="8374" status="PASS">
          <reporter-output>
          </reporter-output>
        </test-method> <!-- setup -->
        <test-method signature="verifyLoginWithValidCredentials()[pri:0, instance:com.qa.TN.TestCases.LoginTest@5ddeb7cb]" started-at="2024-01-12T12:44:40 CST" name="verifyLoginWithValidCredentials" finished-at="2024-01-12T12:44:41 CST" duration-ms="858" status="PASS">
          <reporter-output>
          </reporter-output>
        </test-method> <!-- verifyLoginWithValidCredentials -->
      </class> <!-- com.qa.TN.TestCases.LoginTest -->
      <class name="com.qa.TN.TestCases.CheckOutTest">
        <test-method is-config="true" signature="setup()[pri:0, instance:com.qa.TN.TestCases.CheckOutTest@70ed52de]" started-at="2024-01-12T12:44:41 CST" name="setup" finished-at="2024-01-12T12:44:44 CST" duration-ms="3514" status="PASS">
          <reporter-output>
          </reporter-output>
        </test-method> <!-- setup -->
        <test-method signature="checkoutProduct()[pri:0, instance:com.qa.TN.TestCases.CheckOutTest@70ed52de]" started-at="2024-01-12T12:44:44 CST" name="checkoutProduct" finished-at="2024-01-12T12:45:02 CST" duration-ms="17800" status="PASS">
          <reporter-output>
          </reporter-output>
        </test-method> <!-- checkoutProduct -->
        <test-method is-config="true" signature="teardown()[pri:0, instance:com.qa.TN.TestCases.CheckOutTest@70ed52de]" started-at="2024-01-12T12:45:02 CST" name="teardown" finished-at="2024-01-12T12:45:02 CST" duration-ms="81" status="PASS">
          <reporter-output>
          </reporter-output>
        </test-method> <!-- teardown -->
      </class> <!-- com.qa.TN.TestCases.CheckOutTest -->
      <class name="com.qa.TN.TestCases.RegisterTest">
        <test-method is-config="true" signature="setup()[pri:0, instance:com.qa.TN.TestCases.RegisterTest@496bc455]" started-at="2024-01-12T12:45:02 CST" name="setup" finished-at="2024-01-12T12:45:06 CST" duration-ms="4112" status="PASS">
          <reporter-output>
          </reporter-output>
        </test-method> <!-- setup -->
        <test-method signature="verifyRegisterWithAllFields()[pri:0, instance:com.qa.TN.TestCases.RegisterTest@496bc455]" started-at="2024-01-12T12:45:06 CST" name="verifyRegisterWithAllFields" finished-at="2024-01-12T12:45:08 CST" duration-ms="1267" status="PASS">
          <reporter-output>
          </reporter-output>
        </test-method> <!-- verifyRegisterWithAllFields -->
      </class> <!-- com.qa.TN.TestCases.RegisterTest -->
    </test> <!-- Default test -->
  </suite> <!-- Default suite -->
</testng-results>
